<?xml version="1.0" encoding="UTF-8"?>
<!-- Generated by org.testng.reporters.JUnitReportReporter -->
<testsuite skipped="0" hostname="DESKTOP-8IQA0EJ" name="day3.Guru99Project" tests="2" failures="0" timestamp="2020-11-02T17:29:15 IST" time="14.812" errors="0">
  <testcase name="loginToApplication" time="6.991" classname="day3.Guru99Project"/>
  <system-out/>
  <testcase name="loginToApplication" time="7.821" classname="day3.Guru99Project"/>
  <system-out/>
</testsuite> <!-- day3.Guru99Project -->
