<?xml version="1.0" encoding="UTF-8"?>
<!-- Generated by org.testng.reporters.JUnitReportReporter -->
<testsuite skipped="0" hostname="DESKTOP-8IQA0EJ" name="day3.TestNGTesting" tests="5" failures="0" timestamp="2020-11-02T17:37:53 IST" time="0.019" errors="0">
  <testcase name="testcase8" time="0.003" classname="day3.TestNGTesting"/>
  <system-out/>
  <testcase name="testcase7" time="0.004" classname="day3.TestNGTesting"/>
  <system-out/>
  <testcase name="testcase4" time="0.002" classname="day3.TestNGTesting"/>
  <system-out/>
  <testcase name="testcase1" time="0.009" classname="day3.TestNGTesting"/>
  <system-out/>
  <testcase name="testcase2" time="0.001" classname="day3.TestNGTesting"/>
  <system-out/>
</testsuite> <!-- day3.TestNGTesting -->
